2024-04-18 18:54:34 [http-nio-8080-exec-2] INFO  c.e.o.controller.ProductController - OBTER TODOS OS PRODUTOS: [{id=eae34065-0261-470a-83e4-6874a36bf453, name='Coca-Cola 2 Litros', price=8.99, category='bebida'}]
2024-04-18 19:13:58 [http-nio-8080-exec-8] INFO  c.e.o.controller.ProductController - ATUALIZANDO PRODUTO: {id=eae34065-0261-470a-83e4-6874a36bf453, name='Coca-Cola 2 Litros', price=10, category='bebida'}
2024-04-18 19:24:28 [http-nio-8080-exec-3] INFO  c.e.o.controller.ProductController - OBTER TODOS OS PRODUTOS: [{id=eae34065-0261-470a-83e4-6874a36bf453, name='Coca-Cola 2 Litros', price=10.00, category='bebida'}]
2024-04-18 19:24:50 [http-nio-8080-exec-4] INFO  c.e.o.controller.ProductController - ATUALIZANDO PRODUTO: {id=eae34065-0261-470a-83e4-6874a36bf453, name='Coca-Cola 2 Litros', price=11, category='bebida'}
2024-04-18 19:24:56 [http-nio-8080-exec-5] INFO  c.e.o.controller.ProductController - OBTER TODOS OS PRODUTOS: [{id=eae34065-0261-470a-83e4-6874a36bf453, name='Coca-Cola 2 Litros', price=11.00, category='bebida'}]
2024-04-18 19:25:08 [http-nio-8080-exec-6] INFO  c.e.o.controller.ProductController - ATUALIZANDO PRODUTO: {id=eae34065-0261-470a-83e4-6874a36bf453, name='Coca-Cola 2 Litros', price=10, category='bebida'}
2024-04-18 19:25:12 [http-nio-8080-exec-7] INFO  c.e.o.controller.ProductController - OBTER TODOS OS PRODUTOS: [{id=eae34065-0261-470a-83e4-6874a36bf453, name='Coca-Cola 2 Litros', price=10.00, category='bebida'}]
2024-04-18 19:48:37 [http-nio-8080-exec-5] INFO  c.e.o.controller.ProductController - CRIANDO PRODUTO: {id=ec0de1f5-2b85-45e9-b21e-3a856b965170, name='Coca-Cola 2 Litros', price=8.99, category='bebida'}
2024-04-18 19:48:42 [http-nio-8080-exec-6] INFO  c.e.o.controller.ProductController - OBTER TODOS OS PRODUTOS: [{id=eae34065-0261-470a-83e4-6874a36bf453, name='Coca-Cola 2 Litros', price=10.00, category='bebida'}, {id=ec0de1f5-2b85-45e9-b21e-3a856b965170, name='Coca-Cola 2 Litros', price=8.99, category='bebida'}]
2024-04-18 19:54:15 [http-nio-8080-exec-3] INFO  c.e.o.controller.ProductController - PRODUTO COM O ID ec0de1f5-2b85-45e9-b21e-3a856b965170 EXCLUÍDO COM SUCESSO!
2024-04-18 19:54:55 [http-nio-8080-exec-4] INFO  c.e.o.controller.ProductController - OBTER TODOS OS PRODUTOS: [{id=eae34065-0261-470a-83e4-6874a36bf453, name='Coca-Cola 2 Litros', price=10.00, category='bebida'}]
2024-04-18 20:00:02 [http-nio-8080-exec-10] INFO  c.e.o.controller.ProductController - OBTER TODOS OS PRODUTOS: [{id=eae34065-0261-470a-83e4-6874a36bf453, name='Coca-Cola 2 Litros', price=10.00, category='bebida'}]
2024-04-18 20:00:19 [http-nio-8080-exec-2] INFO  c.e.o.controller.ProductController - OBTER PRODUTO POR ID: eae34065-0261-470a-83e4-6874a36bf453
2024-04-18 20:15:11 [http-nio-8080-exec-2] INFO  c.e.o.controller.ProductController - CRIANDO PRODUTO COM PAGINAÇÃO: [{id=ae135362-352f-4203-8180-e70a7330aeaa, name='Fanta 2 Litros', price=8.99, category='bebida'}]
2024-04-18 20:20:40 [http-nio-8080-exec-4] INFO  c.e.o.controller.ProductController - OBTER TODOS OS PRODUTOS COM PAGINAÇÃO: Page 1 of 1 containing com.example.order_management.model.Product instances
2024-04-18 20:29:07 [http-nio-8080-exec-7] INFO  c.e.o.controller.ProductController - OBTER TODOS OS PRODUTOS: [{id=eae34065-0261-470a-83e4-6874a36bf453, name='Coca-Cola 2 Litros', price=10.00, category='bebida'}, {id=ae135362-352f-4203-8180-e70a7330aeaa, name='Fanta 2 Litros', price=8.99, category='bebida'}]
2024-04-18 20:30:31 [http-nio-8080-exec-10] INFO  c.e.o.controller.ProductController - ATUALIZANDO PRODUTO COM PAGINAÇÃO: [{id=ae135362-352f-4203-8180-e70a7330aeaa, name='Fanta 2 Litros', price=11, category='bebida'}]
2024-04-18 20:41:24 [http-nio-8080-exec-6] INFO  c.e.o.controller.ProductController - CRIANDO PRODUTO COM PAGINAÇÃO: [{id=44e4cfaa-b149-4a8c-a7c9-9a65d782f83f, name='Fanta 500 ml', price=8.99, category='bebida'}]
2024-04-18 20:41:37 [http-nio-8080-exec-7] INFO  c.e.o.controller.ProductController - OBTER TODOS OS PRODUTOS: [{id=eae34065-0261-470a-83e4-6874a36bf453, name='Coca-Cola 2 Litros', price=10.00, category='bebida'}, {id=ae135362-352f-4203-8180-e70a7330aeaa, name='Fanta 2 Litros', price=11.00, category='bebida'}, {id=44e4cfaa-b149-4a8c-a7c9-9a65d782f83f, name='Fanta 500 ml', price=8.99, category='bebida'}]
2024-04-18 20:42:21 [http-nio-8080-exec-8] INFO  c.e.o.controller.ProductController - PRODUTO COM O ID 44e4cfaa-b149-4a8c-a7c9-9a65d782f83f EXCLUÍDO COM SUCESSO NA PAGINAÇÃO!
2024-04-18 20:43:21 [http-nio-8080-exec-2] INFO  c.e.o.controller.ProductController - CRIANDO PRODUTO COM PAGINAÇÃO: [{id=968b6e46-0522-447e-9202-3dbad72699d3, name='Fanta 500 ml', price=8.99, category='bebida'}]
2024-04-18 20:43:35 [http-nio-8080-exec-3] INFO  c.e.o.controller.ProductController - PRODUTO COM O ID 968b6e46-0522-447e-9202-3dbad72699d3 EXCLUÍDO COM SUCESSO NA PAGINAÇÃO!
2024-04-18 20:48:14 [http-nio-8080-exec-9] INFO  c.e.o.controller.ProductController - OBTER TODOS OS PRODUTOS: [{id=eae34065-0261-470a-83e4-6874a36bf453, name='Coca-Cola 2 Litros', price=10.00, category='bebida'}, {id=ae135362-352f-4203-8180-e70a7330aeaa, name='Fanta 2 Litros', price=11.00, category='bebida'}]
2024-04-18 20:50:54 [http-nio-8080-exec-2] INFO  c.e.o.controller.ProductController - OBTER PRODUTO POR ID COM PAGINAÇÃO: ae135362-352f-4203-8180-e70a7330aeaa
2024-04-19 16:06:55 [http-nio-8080-exec-6] ERROR c.e.o.controller.ProductController - Erro de validação: Usuário não autenticado
2024-04-19 16:09:31 [http-nio-8080-exec-1] INFO  c.e.o.controller.ProductController - CRIANDO PRODUTO: {id=23693cd0-6920-4839-a818-79c6299c728f, name='Mineiro 2 Litros', price=8, category='bebida'}
2024-04-19 16:10:21 [http-nio-8080-exec-3] INFO  c.e.o.controller.ProductController - CRIANDO PRODUTO: {id=2002ae43-925a-4668-a1d5-e3b5f5b60e09, name='Mineiro 500 ml', price=6, category='bebida'}
2024-04-19 17:54:09 [http-nio-8080-exec-2] ERROR c.e.o.controller.ProductController - O ID do produto fornecido é inválido.
2024-04-19 17:59:43 [http-nio-8080-exec-2] ERROR c.e.o.controller.ProductController - O ID do produto fornecido é inválido.
2024-04-19 20:17:31 [http-nio-8080-exec-1] INFO  c.e.o.controller.ProductController - OBTER TODOS OS PRODUTOS: [{id=23693cd0-6920-4839-a818-79c6299c728f, name='Mineiro 2 Litros', price=8.00, category='bebida'}, {id=2002ae43-925a-4668-a1d5-e3b5f5b60e09, name='Mineiro 500 ml', price=6.00, category='bebida'}]
2024-04-19 20:25:12 [http-nio-8080-exec-5] INFO  c.e.o.controller.ProductController - ATUALIZANDO PRODUTO: {id=23693cd0-6920-4839-a818-79c6299c728f, name='Coca-Cola 2 Litros', price=10, category='bebida'}
2024-04-19 20:30:23 [http-nio-8080-exec-3] ERROR c.e.o.controller.ProductController - O ID do produto fornecido é inválido.
2024-04-19 20:32:03 [http-nio-8080-exec-6] INFO  c.e.o.controller.ProductController - OBTER TODOS OS PRODUTOS: [{id=2002ae43-925a-4668-a1d5-e3b5f5b60e09, name='Mineiro 500 ml', price=6.00, category='bebida'}, {id=23693cd0-6920-4839-a818-79c6299c728f, name='Coca-Cola 2 Litros', price=10.00, category='bebida'}]
2024-04-19 20:36:39 [http-nio-8080-exec-1] ERROR c.e.o.controller.ProductController - O ID do produto fornecido é inválido.
2024-04-19 20:38:00 [http-nio-8080-exec-5] INFO  c.e.o.controller.ProductController - OBTER TODOS OS PRODUTOS: [{id=2002ae43-925a-4668-a1d5-e3b5f5b60e09, name='Mineiro 500 ml', price=6.00, category='bebida'}]
2024-04-19 20:38:45 [http-nio-8080-exec-6] INFO  c.e.o.controller.ProductController - OBTER PRODUTO POR ID: 2002ae43-925a-4668-a1d5-e3b5f5b60e09
2024-04-19 20:41:44 [http-nio-8080-exec-10] ERROR c.e.o.controller.ProductController - O ID do produto fornecido é inválido.
2024-04-19 20:45:21 [http-nio-8080-exec-4] INFO  c.e.o.controller.ProductController - CRIANDO PRODUTO COM PAGINAÇÃO: [{id=ae82b7bc-61e9-463a-8765-bd0305ee7bfe, name='Fanta 500 ml', price=8.99, category='bebida'}]
2024-04-19 20:51:44 [http-nio-8080-exec-5] INFO  c.e.o.controller.ProductController - OBTER TODOS OS PRODUTOS COM PAGINAÇÃO: Page 1 of 1 containing com.example.order_management.model.Product instances
2024-04-19 20:58:43 [http-nio-8080-exec-8] INFO  c.e.o.controller.ProductController - ATUALIZANDO PRODUTO COM PAGINAÇÃO: [{id=ae82b7bc-61e9-463a-8765-bd0305ee7bfe, name='Fanta 1 Litros', price=6, category='bebida'}]
2024-04-19 21:02:08 [http-nio-8080-exec-3] INFO  c.e.o.controller.ProductController - OBTER TODOS OS PRODUTOS COM PAGINAÇÃO: Page 1 of 1 containing com.example.order_management.model.Product instances
2024-04-19 21:02:22 [http-nio-8080-exec-5] INFO  c.e.o.controller.ProductController - PRODUTO COM O ID ae82b7bc-61e9-463a-8765-bd0305ee7bfe EXCLUÍDO COM SUCESSO NA PAGINAÇÃO!
2024-04-19 21:07:42 [http-nio-8080-exec-2] ERROR c.e.o.controller.ProductController - O ID do produto fornecido é inválido.
2024-04-19 21:10:22 [http-nio-8080-exec-1] INFO  c.e.o.controller.ProductController - OBTER TODOS OS PRODUTOS COM PAGINAÇÃO: Page 1 of 1 containing com.example.order_management.model.Product instances
2024-04-19 21:11:02 [http-nio-8080-exec-3] INFO  c.e.o.controller.ProductController - OBTER PRODUTO POR ID COM PAGINAÇÃO: 2002ae43-925a-4668-a1d5-e3b5f5b60e09
2024-04-19 21:14:49 [http-nio-8080-exec-10] ERROR c.e.o.controller.ProductController - O ID do produto fornecido é inválido.
2024-04-19 22:05:33 [http-nio-8080-exec-2] INFO  c.e.o.controller.ProductController - OBTER TODOS OS PRODUTOS: [{id=2002ae43-925a-4668-a1d5-e3b5f5b60e09, name='Mineiro 500 ml', price=6.00, category='bebida'}]
2024-04-20 18:06:31 [http-nio-8080-exec-5] INFO  c.e.o.controller.ProductController - OBTER TODOS OS PRODUTOS: [{id=2002ae43-925a-4668-a1d5-e3b5f5b60e09, name='Mineiro 500 ml', price=6.00, category='bebida'}]
2024-04-20 18:08:25 [http-nio-8080-exec-6] INFO  c.e.o.controller.ProductController - CRIANDO PRODUTO: {id=6792bb29-dced-408c-84cd-4197f9b73997, name='Mineiro 2 litros', price=10, category='bebida'}
2024-04-20 18:08:32 [http-nio-8080-exec-7] INFO  c.e.o.controller.ProductController - OBTER TODOS OS PRODUTOS: [{id=2002ae43-925a-4668-a1d5-e3b5f5b60e09, name='Mineiro 500 ml', price=6.00, category='bebida'}, {id=6792bb29-dced-408c-84cd-4197f9b73997, name='Mineiro 2 litros', price=10.00, category='bebida'}]
2024-04-21 17:31:15 [http-nio-8080-exec-4] ERROR c.e.o.controller.ProductController - O ID do produto fornecido é inválido.
2024-04-21 19:05:31 [http-nio-8080-exec-3] INFO  c.e.o.controller.ProductController - CRIANDO PRODUTO: {id=20d8c0d8-7332-4b62-a21c-4f3ad203f976, name='Mineiro 3 litros', price=15, category='bebida'}
2024-04-21 19:05:48 [http-nio-8080-exec-4] ERROR c.e.o.controller.ProductController - Erro de validação: O campo 'price' deve ser um valor válido maior que zero.
2024-04-21 19:06:30 [http-nio-8080-exec-5] INFO  c.e.o.controller.ProductController - CRIANDO PRODUTO: {id=a4bba775-c5e9-411b-856e-db6ff24d4540, name='Mineiro 2,5 litros', price=12, category='bebida'}
2024-04-21 19:13:04 [http-nio-8080-exec-2] ERROR c.e.o.controller.ProductController - Erro de validação: O campo 'price' deve ser um valor válido maior que zero.
2024-04-21 19:13:47 [http-nio-8080-exec-3] INFO  c.e.o.controller.ProductController - CRIANDO PRODUTO: {id=85fd0b74-115d-417e-b50d-2affe7eed6b2, name='Mineiro 2,5 litros', price=1, category='bebida'}
2024-04-21 19:14:01 [http-nio-8080-exec-5] INFO  c.e.o.controller.ProductController - CRIANDO PRODUTO: {id=786ea93c-9e9e-485b-a22c-eb0a7cafbae0, name='Mineiro 2,5 litros', price=32, category='bebida'}
2024-04-21 20:33:39 [http-nio-8080-exec-1] ERROR c.e.o.controller.ProductController - Erro de validação: O campo 'name' deve ser preenchido.
2024-04-21 20:33:45 [http-nio-8080-exec-4] ERROR c.e.o.controller.ProductController - Erro de validação: O campo 'name' deve ser preenchido.
2024-04-21 20:34:27 [http-nio-8080-exec-6] INFO  c.e.o.controller.ProductController - CRIANDO PRODUTO: {id=310ee6c3-bf22-4805-bc76-e2d4ef8297bf, name='Coca-Cola 2 Litros', price=11, category='bebida'}
2024-04-21 20:34:52 [http-nio-8080-exec-9] ERROR c.e.o.controller.ProductController - Erro de validação: O campo 'price' deve ser um valor válido maior que zero.
2024-04-21 20:35:03 [http-nio-8080-exec-2] ERROR c.e.o.controller.ProductController - Erro de validação: O campo 'price' deve ser um valor válido maior que zero.
2024-04-21 20:35:08 [http-nio-8080-exec-3] ERROR c.e.o.controller.ProductController - Erro de validação: O campo 'price' deve ser um valor válido maior que zero.
2024-04-21 20:35:24 [http-nio-8080-exec-5] INFO  c.e.o.controller.ProductController - CRIANDO PRODUTO: {id=81006035-8b09-4a73-9b84-faedf65c8d76, name='Coca-Cola 2 Litros', price=11, category='bebida'}
2024-04-21 22:55:32 [http-nio-8080-exec-4] INFO  c.e.o.controller.ProductController - CRIANDO PRODUTO: {id=1a1e4e24-ee38-465c-a431-ef5441f53880, name='null', price=11, category='bebida'}
2024-04-21 23:00:15 [http-nio-8080-exec-7] INFO  c.e.o.controller.ProductController - CRIANDO PRODUTO: {id=8ba88831-2f5e-41d5-8012-ffe281b918eb, name='', price=11, category='bebida'}
2024-04-21 23:00:36 [http-nio-8080-exec-8] INFO  c.e.o.controller.ProductController - CRIANDO PRODUTO: {id=3858b6f3-fca6-4511-b408-027385431781, name='', price=11, category='bebida'}
2024-04-21 23:04:56 [http-nio-8080-exec-1] INFO  c.e.o.controller.ProductController - CRIANDO PRODUTO: {id=85c971f0-c192-45d5-a7ea-73dbf7ac3d63, name='', price=11, category='bebida'}
2024-04-21 23:05:05 [http-nio-8080-exec-3] INFO  c.e.o.controller.ProductController - CRIANDO PRODUTO: {id=d8979cf7-90a9-4864-a140-0d630fdaa032, name='null', price=11, category='bebida'}
2024-04-21 23:06:32 [http-nio-8080-exec-2] INFO  c.e.o.controller.ProductController - CRIANDO PRODUTO: {id=3b519182-52ba-47a0-a9a2-d44f71624add, name='null', price=11, category='bebida'}
2024-04-21 23:07:00 [http-nio-8080-exec-3] INFO  c.e.o.controller.ProductController - CRIANDO PRODUTO: {id=47fe587f-9d94-48d8-a041-01a9e840628e, name='', price=11, category='bebida'}
2024-04-21 23:08:48 [http-nio-8080-exec-2] INFO  c.e.o.controller.ProductController - CRIANDO PRODUTO: {id=0666ec1f-3ad9-4052-8b7d-88d2cc6ced26, name='', price=11, category='bebida'}
2024-04-21 23:08:59 [http-nio-8080-exec-3] INFO  c.e.o.controller.ProductController - CRIANDO PRODUTO: {id=eea3ee2d-bf76-4b59-a387-cda683b504b2, name='null', price=11, category='bebida'}
2024-04-21 23:17:30 [http-nio-8080-exec-2] INFO  c.e.o.controller.ProductController - CRIANDO PRODUTO: {id=99d6700b-31f4-45fa-9738-8c9bd1a0b1a0, name='null', price=11, category='bebida'}
2024-04-21 23:20:12 [http-nio-8080-exec-1] INFO  c.e.o.controller.ProductController - CRIANDO PRODUTO: {id=4e7f7009-6a73-436e-ad02-d5e70fbeb66a, name='null', price=11, category='bebida'}
2024-04-21 23:29:17 [http-nio-8080-exec-1] INFO  c.e.o.controller.ProductController - CRIANDO PRODUTO: {id=8d80f5b4-f9dd-4938-943e-f1644a747e31, name='null', price=11, category='bebida'}
2024-04-21 23:29:54 [http-nio-8080-exec-3] INFO  c.e.o.controller.ProductController - CRIANDO PRODUTO: {id=97a15dc6-e7a9-4806-90e9-3b48f765dad2, name='', price=11, category='bebida'}
2024-04-22 00:02:39 [http-nio-8080-exec-2] ERROR c.e.o.controller.ProductController - Erro de validação: O campo 'name' deve ser preenchido.
2024-04-22 00:02:53 [http-nio-8080-exec-4] ERROR c.e.o.controller.ProductController - Erro de validação: O campo 'price' deve ser um valor válido maior que zero.
2024-04-22 00:03:02 [http-nio-8080-exec-6] INFO  c.e.o.controller.ProductController - CRIANDO PRODUTO: {id=128cd7d8-2d46-48ca-8bd2-f27c56048c3d, name='dd', price=2, category='bebida'}
2024-04-22 00:04:54 [http-nio-8080-exec-1] ERROR c.e.o.controller.ProductController - Erro de validação: O campo 'name' deve ser preenchido.
2024-04-22 00:07:33 [http-nio-8080-exec-2] INFO  c.e.o.controller.ProductController - OBTER TODOS OS PRODUTOS: [{id=8d80f5b4-f9dd-4938-943e-f1644a747e31, name='null', price=11.00, category='bebida'}, {id=97a15dc6-e7a9-4806-90e9-3b48f765dad2, name='', price=11.00, category='bebida'}, {id=128cd7d8-2d46-48ca-8bd2-f27c56048c3d, name='dd', price=2.00, category='bebida'}]
2024-04-22 00:07:48 [http-nio-8080-exec-3] INFO  c.e.o.controller.ProductController - ATUALIZANDO PRODUTO: {id=8d80f5b4-f9dd-4938-943e-f1644a747e31, name='Coca-Cola 2 Litros', price=11, category='bebida'}
2024-04-22 00:07:54 [http-nio-8080-exec-4] INFO  c.e.o.controller.ProductController - OBTER TODOS OS PRODUTOS: [{id=97a15dc6-e7a9-4806-90e9-3b48f765dad2, name='', price=11.00, category='bebida'}, {id=128cd7d8-2d46-48ca-8bd2-f27c56048c3d, name='dd', price=2.00, category='bebida'}, {id=8d80f5b4-f9dd-4938-943e-f1644a747e31, name='Coca-Cola 2 Litros', price=11.00, category='bebida'}]
2024-04-22 00:08:25 [http-nio-8080-exec-7] INFO  c.e.o.controller.ProductController - ATUALIZANDO PRODUTO: {id=97a15dc6-e7a9-4806-90e9-3b48f765dad2, name='Coca-Cola 2 Litros', price=11, category='bebida'}
